<?xml version="1.0" encoding="UTF-8"?>
<!-- Generated by org.testng.reporters.JUnitReportReporter -->
<testsuite skipped="0" hostname="Kamath-PC" name="com.qa.test.propertyPageTest" tests="1" failures="0" timestamp="2022-01-27T15:27:31 IST" time="44.842" errors="0">
  <testcase name="diplayAllPriceTest" time="44.842" classname="com.qa.test.propertyPageTest"/>
  <system-out/>
</testsuite> <!-- com.qa.test.propertyPageTest -->
