<?xml version="1.0" encoding="UTF-8"?>
<!-- Generated by org.testng.reporters.JUnitReportReporter -->
<testsuite skipped="0" hostname="Kamath-PC" name="com.qa.test.flightResultTest" tests="4" failures="0" timestamp="2022-01-29T16:38:29 IST" time="58.469" errors="0">
  <testcase name="countTotalFlightsTest" time="4.088" classname="com.qa.test.flightResultTest"/>
  <system-out/>
  <testcase name="countFilteredFlightsTest" time="12.312" classname="com.qa.test.flightResultTest"/>
  <system-out/>
  <testcase name="selectRandomFlightsTest" time="36.367" classname="com.qa.test.flightResultTest"/>
  <system-out/>
  <testcase name="checkTotalPriceTest" time="5.702" classname="com.qa.test.flightResultTest"/>
  <system-out/>
</testsuite> <!-- com.qa.test.flightResultTest -->
