<?xml version="1.0" encoding="UTF-8"?>
<!-- Generated by org.testng.reporters.JUnitReportReporter -->
<testsuite skipped="0" hostname="Kamath-PC" name="com.qa.test.agentInfoPageTest" tests="1" failures="0" timestamp="2022-01-27T15:27:31 IST" time="59.884" errors="0">
  <testcase name="agentnameTest" time="59.884" classname="com.qa.test.agentInfoPageTest"/>
  <system-out/>
</testsuite> <!-- com.qa.test.agentInfoPageTest -->
