<?xml version="1.0" encoding="UTF-8"?>
<!-- Generated by org.testng.reporters.JUnitReportReporter -->
<testsuite skipped="0" hostname="Kamath-PC" name="com.qa.test.propertyInfoPageTest" tests="2" failures="0" timestamp="2022-01-27T15:27:31 IST" time="109.089" errors="0">
  <testcase name="displayAgentTest" time="48.593" classname="com.qa.test.propertyInfoPageTest"/>
  <system-out/>
  <testcase name="clickAgentLogo" time="60.496" classname="com.qa.test.propertyInfoPageTest"/>
  <system-out/>
</testsuite> <!-- com.qa.test.propertyInfoPageTest -->
